# JRE version: Java(TM) SE Runtime Environment (8.0_231-b11) (build 1.8.0_231-b11)
# Java VM: Java HotSpot(TM) 64-Bit Server VM (25.231-b11 mixed mode bsd-amd64 compressed oops)
Heap:
 PSYoungGen      total 76288K, used 30834K [0x000000076ab00000, 0x0000000773600000, 0x00000007c0000000)
  eden space 65536K, 30% used [0x000000076ab00000,0x000000076beb17c8,0x000000076eb00000)
  from space 10752K, 99% used [0x0000000772b80000,0x00000007735eb280,0x0000000773600000)
  to   space 10752K, 0% used [0x000000076eb00000,0x000000076eb00000,0x000000076f580000)
 ParOldGen       total 175104K, used 20902K [0x00000006c0000000, 0x00000006cab00000, 0x000000076ab00000)
  object space 175104K, 11% used [0x00000006c0000000,0x00000006c14698a0,0x00000006cab00000)
 Metaspace       used 19686K, capacity 20778K, committed 20864K, reserved 1067008K
  class space    used 2864K, capacity 3116K, committed 3200K, reserved 1048576K
GC Heap History (8 events):
Event: 1.122 GC heap before
{Heap before GC invocations=1 (full 0):
 PSYoungGen      total 76288K, used 65536K [0x000000076ab00000, 0x0000000770000000, 0x00000007c0000000)
  eden space 65536K, 100% used [0x000000076ab00000,0x000000076eb00000,0x000000076eb00000)
  from space 10752K, 0% used [0x000000076f580000,0x000000076f580000,0x0000000770000000)
  to   space 10752K, 0% used [0x000000076eb00000,0x000000076eb00000,0x000000076f580000)
 ParOldGen       total 175104K, used 0K [0x00000006c0000000, 0x00000006cab00000, 0x000000076ab00000)
  object space 175104K, 0% used [0x00000006c0000000,0x00000006c0000000,0x00000006cab00000)
 Metaspace       used 13400K, capacity 13930K, committed 14080K, reserved 1060864K
  class space    used 1855K, capacity 1996K, committed 2048K, reserved 1048576K
Event: 1.135 GC heap after
Heap after GC invocations=1 (full 0):
 PSYoungGen      total 76288K, used 10011K [0x000000076ab00000, 0x0000000774000000, 0x00000007c0000000)
  eden space 65536K, 0% used [0x000000076ab00000,0x000000076ab00000,0x000000076eb00000)
  from space 10752K, 93% used [0x000000076eb00000,0x000000076f4c6d80,0x000000076f580000)
  to   space 10752K, 0% used [0x0000000773580000,0x0000000773580000,0x0000000774000000)
 ParOldGen       total 175104K, used 18170K [0x00000006c0000000, 0x00000006cab00000, 0x000000076ab00000)
  object space 175104K, 10% used [0x00000006c0000000,0x00000006c11be890,0x00000006cab00000)
 Metaspace       used 13400K, capacity 13930K, committed 14080K, reserved 1060864K
  class space    used 1855K, capacity 1996K, committed 2048K, reserved 1048576K
}
Event: 4.686 GC heap before
{Heap before GC invocations=2 (full 0):
 PSYoungGen      total 76288K, used 70858K [0x000000076ab00000, 0x0000000774000000, 0x00000007c0000000)
  eden space 65536K, 92% used [0x000000076ab00000,0x000000076e66be00,0x000000076eb00000)
  from space 10752K, 93% used [0x000000076eb00000,0x000000076f4c6d80,0x000000076f580000)
  to   space 10752K, 0% used [0x0000000773580000,0x0000000773580000,0x0000000774000000)
 ParOldGen       total 175104K, used 18170K [0x00000006c0000000, 0x00000006cab00000, 0x000000076ab00000)
  object space 175104K, 10% used [0x00000006c0000000,0x00000006c11be890,0x00000006cab00000)
 Metaspace       used 19201K, capacity 20256K, committed 20608K, reserved 1067008K
  class space    used 2855K, capacity 3101K, committed 3200K, reserved 1048576K
Event: 4.693 GC heap after
Heap after GC invocations=2 (full 0):
 PSYoungGen      total 76288K, used 10423K [0x000000076ab00000, 0x0000000774000000, 0x00000007c0000000)
  eden space 65536K, 0% used [0x000000076ab00000,0x000000076ab00000,0x000000076eb00000)
  from space 10752K, 96% used [0x0000000773580000,0x0000000773fadfd0,0x0000000774000000)
  to   space 10752K, 0% used [0x000000076eb00000,0x000000076eb00000,0x000000076f580000)
 ParOldGen       total 175104K, used 20886K [0x00000006c0000000, 0x00000006cab00000, 0x000000076ab00000)
  object space 175104K, 11% used [0x00000006c0000000,0x00000006c14658a0,0x00000006cab00000)
 Metaspace       used 19201K, capacity 20256K, committed 20608K, reserved 1067008K
  class space    used 2855K, capacity 3101K, committed 3200K, reserved 1048576K
}
Event: 5.977 GC heap before
{Heap before GC invocations=3 (full 0):
 PSYoungGen      total 76288K, used 70527K [0x000000076ab00000, 0x0000000774000000, 0x00000007c0000000)
  eden space 65536K, 91% used [0x000000076ab00000,0x000000076e5b1f98,0x000000076eb00000)
  from space 10752K, 96% used [0x0000000773580000,0x0000000773fadfd0,0x0000000774000000)
  to   space 10752K, 0% used [0x000000076eb00000,0x000000076eb00000,0x000000076f580000)
 ParOldGen       total 175104K, used 20886K [0x00000006c0000000, 0x00000006cab00000, 0x000000076ab00000)
  object space 175104K, 11% used [0x00000006c0000000,0x00000006c14658a0,0x00000006cab00000)
 Metaspace       used 19405K, capacity 20452K, committed 20608K, reserved 1067008K
  class space    used 2855K, capacity 3101K, committed 3200K, reserved 1048576K
Event: 5.982 GC heap after
Heap after GC invocations=3 (full 0):
 PSYoungGen      total 76288K, used 10386K [0x000000076ab00000, 0x0000000773600000, 0x00000007c0000000)
  eden space 65536K, 0% used [0x000000076ab00000,0x000000076ab00000,0x000000076eb00000)
  from space 10752K, 96% used [0x000000076eb00000,0x000000076f524810,0x000000076f580000)
  to   space 10752K, 0% used [0x0000000772b80000,0x0000000772b80000,0x0000000773600000)
 ParOldGen       total 175104K, used 20894K [0x00000006c0000000, 0x00000006cab00000, 0x000000076ab00000)
  object space 175104K, 11% used [0x00000006c0000000,0x00000006c14678a0,0x00000006cab00000)
 Metaspace       used 19405K, capacity 20452K, committed 20608K, reserved 1067008K
  class space    used 2855K, capacity 3101K, committed 3200K, reserved 1048576K
}
Event: 8.987 GC heap before
{Heap before GC invocations=4 (full 0):
 PSYoungGen      total 76288K, used 71946K [0x000000076ab00000, 0x0000000773600000, 0x00000007c0000000)
  eden space 65536K, 93% used [0x000000076ab00000,0x000000076e71e128,0x000000076eb00000)
  from space 10752K, 96% used [0x000000076eb00000,0x000000076f524810,0x000000076f580000)
  to   space 10752K, 0% used [0x0000000772b80000,0x0000000772b80000,0x0000000773600000)
 ParOldGen       total 175104K, used 20894K [0x00000006c0000000, 0x00000006cab00000, 0x000000076ab00000)
  object space 175104K, 11% used [0x00000006c0000000,0x00000006c14678a0,0x00000006cab00000)
 Metaspace       used 19578K, capacity 20634K, committed 20864K, reserved 1067008K
  class space    used 2864K, capacity 3116K, committed 3200K, reserved 1048576K
Event: 8.994 GC heap after
Heap after GC invocations=4 (full 0):
 PSYoungGen      total 76288K, used 10668K [0x000000076ab00000, 0x0000000773600000, 0x00000007c0000000)
  eden space 65536K, 0% used [0x000000076ab00000,0x000000076ab00000,0x000000076eb00000)
  from space 10752K, 99% used [0x0000000772b80000,0x00000007735eb280,0x0000000773600000)
  to   space 10752K, 0% used [0x000000076eb00000,0x000000076eb00000,0x000000076f580000)
 ParOldGen       total 175104K, used 20902K [0x00000006c0000000, 0x00000006cab00000, 0x000000076ab00000)
  object space 175104K, 11% used [0x00000006c0000000,0x00000006c14698a0,0x00000006cab00000)
 Metaspace       used 19578K, capacity 20634K, committed 20864K, reserved 1067008K
  class space    used 2864K, capacity 3116K, committed 3200K, reserved 1048576K
}

